0 info it worked if it ends with ok
1 verbose cli [ 'C:\\Program Files\\nodejs\\\\node.exe',
1 verbose cli   'C:\\Program Files\\nodejs\\node_modules\\npm\\bin\\npm-cli.js',
1 verbose cli   'install',
1 verbose cli   '-g',
1 verbose cli   'modulus' ]
2 info using npm@1.4.28
3 info using node@v0.10.36
4 verbose node symlink C:\Program Files\nodejs\\node.exe
5 verbose cache add [ 'modulus', null ]
6 verbose cache add name=undefined spec="modulus" args=["modulus",null]
7 verbose parsed url { protocol: null,
7 verbose parsed url   slashes: null,
7 verbose parsed url   auth: null,
7 verbose parsed url   host: null,
7 verbose parsed url   port: null,
7 verbose parsed url   hostname: null,
7 verbose parsed url   hash: null,
7 verbose parsed url   search: null,
7 verbose parsed url   query: null,
7 verbose parsed url   pathname: 'modulus',
7 verbose parsed url   path: 'modulus',
7 verbose parsed url   href: 'modulus' }
8 silly lockFile 7b42c9a5-modulus modulus
9 verbose lock modulus C:\Users\prashant\AppData\Roaming\npm-cache\7b42c9a5-modulus.lock
10 silly lockFile 7b42c9a5-modulus modulus
11 silly lockFile 7b42c9a5-modulus modulus
12 verbose addNamed [ 'modulus', '' ]
13 verbose addNamed [ null, '*' ]
14 silly lockFile f279123d-modulus modulus@
15 verbose lock modulus@ C:\Users\prashant\AppData\Roaming\npm-cache\f279123d-modulus.lock
16 silly addNameRange { name: 'modulus', range: '*', hasData: false }
17 verbose request where is /modulus
18 verbose request registry https://registry.npmjs.org/
19 verbose request id dba7722cf2448643
20 verbose url raw /modulus
21 verbose url resolving [ 'https://registry.npmjs.org/', './modulus' ]
22 verbose url resolved https://registry.npmjs.org/modulus
23 verbose request where is https://registry.npmjs.org/modulus
24 info trying registry request attempt 1 at 10:51:50
25 http GET https://registry.npmjs.org/modulus
26 http 200 https://registry.npmjs.org/modulus
27 silly registry.get cb [ 200,
27 silly registry.get   { date: 'Mon, 30 Mar 2015 05:21:55 GMT',
27 silly registry.get     server: 'CouchDB/1.5.0 (Erlang OTP/R16B03)',
27 silly registry.get     etag: '"2I5F2LKDQWJM30QI0WW6CTNA"',
27 silly registry.get     'content-type': 'application/json',
27 silly registry.get     'cache-control': 'max-age=60',
27 silly registry.get     'content-length': '115386',
27 silly registry.get     'accept-ranges': 'bytes',
27 silly registry.get     via: '1.1 varnish',
27 silly registry.get     age: '0',
27 silly registry.get     'x-served-by': 'cache-sn88-SIN',
27 silly registry.get     'x-cache': 'MISS',
27 silly registry.get     'x-cache-hits': '0',
27 silly registry.get     'x-timer': 'S1427692914.136696,VS0,VE1435',
27 silly registry.get     vary: 'Accept',
27 silly registry.get     'keep-alive': 'timeout=10, max=50',
27 silly registry.get     connection: 'Keep-Alive' } ]
28 silly addNameRange number 2 { name: 'modulus', range: '*', hasData: true }
29 silly addNameRange versions [ 'modulus',
29 silly addNameRange   [ '0.0.1',
29 silly addNameRange     '0.0.2',
29 silly addNameRange     '0.0.3',
29 silly addNameRange     '0.0.4',
29 silly addNameRange     '0.0.5',
29 silly addNameRange     '0.1.0',
29 silly addNameRange     '0.1.1',
29 silly addNameRange     '0.1.2',
29 silly addNameRange     '0.1.3',
29 silly addNameRange     '0.1.4',
29 silly addNameRange     '0.1.5',
29 silly addNameRange     '0.1.6',
29 silly addNameRange     '0.1.7',
29 silly addNameRange     '0.1.8',
29 silly addNameRange     '0.1.9',
29 silly addNameRange     '0.1.10',
29 silly addNameRange     '0.1.11',
29 silly addNameRange     '0.1.12',
29 silly addNameRange     '0.1.13',
29 silly addNameRange     '0.1.14',
29 silly addNameRange     '0.1.14-2',
29 silly addNameRange     '0.1.15',
29 silly addNameRange     '0.1.16',
29 silly addNameRange     '0.1.17',
29 silly addNameRange     '0.1.18',
29 silly addNameRange     '0.2.0',
29 silly addNameRange     '0.2.1',
29 silly addNameRange     '0.2.2',
29 silly addNameRange     '0.2.2-1',
29 silly addNameRange     '0.2.2-2',
29 silly addNameRange     '0.2.3',
29 silly addNameRange     '0.3.0',
29 silly addNameRange     '0.3.1',
29 silly addNameRange     '0.4.0',
29 silly addNameRange     '0.5.0',
29 silly addNameRange     '0.5.1',
29 silly addNameRange     '0.6.2',
29 silly addNameRange     '0.6.3',
29 silly addNameRange     '1.0.0',
29 silly addNameRange     '1.0.1',
29 silly addNameRange     '1.0.2',
29 silly addNameRange     '1.0.3',
29 silly addNameRange     '1.1.0',
29 silly addNameRange     '1.1.1',
29 silly addNameRange     '1.2.0',
29 silly addNameRange     '1.2.1',
29 silly addNameRange     '1.2.2',
29 silly addNameRange     '2.0.0',
29 silly addNameRange     '2.0.1',
29 silly addNameRange     '2.0.2',
29 silly addNameRange     '2.1.0',
29 silly addNameRange     '3.0.0',
29 silly addNameRange     '3.0.1',
29 silly addNameRange     '3.0.2',
29 silly addNameRange     '3.0.3',
29 silly addNameRange     '3.0.4',
29 silly addNameRange     '3.0.5',
29 silly addNameRange     '3.1.0',
29 silly addNameRange     '3.2.0',
29 silly addNameRange     '3.2.1',
29 silly addNameRange     '3.3.0',
29 silly addNameRange     '3.4.0',
29 silly addNameRange     '3.4.1',
29 silly addNameRange     '3.4.2' ] ]
30 verbose addNamed [ 'modulus', '3.4.2' ]
31 verbose addNamed [ '3.4.2', '3.4.2' ]
32 silly lockFile b9a5d53c-modulus-3-4-2 modulus@3.4.2
33 verbose lock modulus@3.4.2 C:\Users\prashant\AppData\Roaming\npm-cache\b9a5d53c-modulus-3-4-2.lock
34 silly lockFile ea40d77f-js-org-modulus-modulus-3-4-2-tgz https://registry.npmjs.org/modulus/-/modulus-3.4.2.tgz
35 verbose lock https://registry.npmjs.org/modulus/-/modulus-3.4.2.tgz C:\Users\prashant\AppData\Roaming\npm-cache\ea40d77f-js-org-modulus-modulus-3-4-2-tgz.lock
36 verbose addRemoteTarball [ 'https://registry.npmjs.org/modulus/-/modulus-3.4.2.tgz',
36 verbose addRemoteTarball   'a0e78c407ebb23638bbd2ed17bbce34be096df09' ]
37 info retry fetch attempt 1 at 10:51:55
38 verbose fetch to= C:\Users\prashant\AppData\Local\Temp\npm-4212-ip1vrDBM\registry.npmjs.org\modulus\-\modulus-3.4.2.tgz
39 http GET https://registry.npmjs.org/modulus/-/modulus-3.4.2.tgz
40 error fetch failed https://registry.npmjs.org/modulus/-/modulus-3.4.2.tgz
41 info retry will retry, error on last attempt: Error: connect ETIMEDOUT
42 info retry fetch attempt 2 at 10:52:26
43 verbose fetch to= C:\Users\prashant\AppData\Local\Temp\npm-4212-ip1vrDBM\registry.npmjs.org\modulus\-\modulus-3.4.2.tgz
44 http GET https://registry.npmjs.org/modulus/-/modulus-3.4.2.tgz
45 error fetch failed https://registry.npmjs.org/modulus/-/modulus-3.4.2.tgz
46 info retry will retry, error on last attempt: Error: getaddrinfo ENOTFOUND
47 info retry fetch attempt 3 at 10:53:38
48 verbose fetch to= C:\Users\prashant\AppData\Local\Temp\npm-4212-ip1vrDBM\registry.npmjs.org\modulus\-\modulus-3.4.2.tgz
49 http GET https://registry.npmjs.org/modulus/-/modulus-3.4.2.tgz
50 error fetch failed https://registry.npmjs.org/modulus/-/modulus-3.4.2.tgz
51 silly lockFile ea40d77f-js-org-modulus-modulus-3-4-2-tgz https://registry.npmjs.org/modulus/-/modulus-3.4.2.tgz
52 silly lockFile ea40d77f-js-org-modulus-modulus-3-4-2-tgz https://registry.npmjs.org/modulus/-/modulus-3.4.2.tgz
53 silly lockFile b9a5d53c-modulus-3-4-2 modulus@3.4.2
54 silly lockFile b9a5d53c-modulus-3-4-2 modulus@3.4.2
55 silly lockFile f279123d-modulus modulus@
56 silly lockFile f279123d-modulus modulus@
57 error network getaddrinfo ENOTFOUND
57 error network This is most likely not a problem with npm itself
57 error network and is related to network connectivity.
57 error network In most cases you are behind a proxy or have bad network settings.
57 error network
57 error network If you are behind a proxy, please make sure that the
57 error network 'proxy' config is set properly.  See: 'npm help config'
58 error System Windows_NT 6.1.7601
59 error command "C:\\Program Files\\nodejs\\\\node.exe" "C:\\Program Files\\nodejs\\node_modules\\npm\\bin\\npm-cli.js" "install" "-g" "modulus"
60 error cwd C:\Users\prashant\snippest
61 error node -v v0.10.36
62 error npm -v 1.4.28
63 error syscall getaddrinfo
64 error code ENOTFOUND
65 error errno ENOTFOUND
66 verbose exit [ 1, true ]
